<?xml version="1.0" encoding="UTF-8"?>
<testsuite xmlns:xsi="http://www.w3.org/2001/XMLSchema-instance" xsi:noNamespaceSchemaLocation="https://maven.apache.org/surefire/maven-surefire-plugin/xsd/surefire-test-report-3.0.xsd" version="3.0" name="com.pruebas_con_junit_testing.models.CuentaTest" time="0.163" tests="6" errors="0" skipped="0" failures="1">
  <properties>
[...]
</properties>
  <testcase name="testCreditoCuenta" classname="com.pruebas_con_junit_testing.models.CuentaTest" time="0.068"/>
  <testcase name="testDineroInsuficienteExceptionCuenta" classname="com.pruebas_con_junit_testing.models.CuentaTest" time="0.017">
    <failure message="Expected com.pruebas_con_junit_testing.exceptions.DineroInsuficienteException to be thrown, but nothing was thrown." type="org.opentest4j.AssertionFailedError"><![CDATA[org.opentest4j.AssertionFailedError: Expected com.pruebas_con_junit_testing.exceptions.DineroInsuficienteException to be thrown, but nothing was thrown.
	at org.junit.jupiter.api.AssertionFailureBuilder.build(AssertionFailureBuilder.java:152)
	at org.junit.jupiter.api.AssertThrows.assertThrows(AssertThrows.java:73)
	at org.junit.jupiter.api.AssertThrows.assertThrows(AssertThrows.java:35)
	at org.junit.jupiter.api.Assertions.assertThrows(Assertions.java:3123)
	at com.pruebas_con_junit_testing.models.CuentaTest.testDineroInsuficienteExceptionCuenta(CuentaTest.java:84)
	at java.base/java.lang.reflect.Method.invoke(Method.java:580)
	at java.base/java.util.ArrayList.forEach(ArrayList.java:1596)
	at java.base/java.util.ArrayList.forEach(ArrayList.java:1596)
]]></failure>
  </testcase>
  <testcase name="test_nombre_cuenta" classname="com.pruebas_con_junit_testing.models.CuentaTest" time="0.003"/>
  <testcase name="saldoCuenta" classname="com.pruebas_con_junit_testing.models.CuentaTest" time="0.002"/>
  <testcase name="testDebidoCuenta" classname="com.pruebas_con_junit_testing.models.CuentaTest" time="0.003"/>
  <testcase name="testReferenciaCuenta" classname="com.pruebas_con_junit_testing.models.CuentaTest" time="0.003"/>
</testsuite>